Found 51 rules (40 enabled)
Linting /home/chilcano/repos/how-tos/src/api_specs/openapi01.yaml

/home/chilcano/repos/how-tos/src/api_specs/openapi01.yaml
   2:6    warning  info-contact               Info object must have "contact" object.                                                 info
   44:9   warning  operation-description      Operation "description" must be present and non-empty string.                           paths./chain/transaction/cost.get
   50:9     error  parser                     Mapping key must be a string scalar rather than number                                  paths./chain/transaction/cost.get.responses[200]
  74:10   warning  operation-description      Operation "description" must be present and non-empty string.                           paths./chain/transaction/submit.post
   90:9   warning  operation-description      Operation "description" must be present and non-empty string.                           paths./chain/transaction/reference/{hash}.get
  114:9   warning  operation-description      Operation "description" must be present and non-empty string.                           paths./chain/transaction/{blockHeight}/{txIndex}.get
  167:9   warning  operation-description      Operation "description" must be present and non-empty string.                           paths./chain/organization/count.get
  207:9   warning  operation-description      Operation "description" must be present and non-empty string.                           paths./chain/block/height/{height}.get
  230:9   warning  operation-description      Operation "description" must be present and non-empty string.                           paths./chain/block/hash/{hash}.get
  300:9   warning  operation-description      Operation "description" must be present and non-empty string.                           paths./chain/stats.get
  316:9   warning  operation-description      Operation "description" must be present and non-empty string.                           paths./chain/info.get
  376:9   warning  operation-description      Operation "description" must be present and non-empty string.                           paths./election/list/{organizationID}/{page}.get
  400:9   warning  operation-description      Operation "description" must be present and non-empty string.                           paths./election/count/{organizationID}.get
  424:9   warning  operation-description      Operation "description" must be present and non-empty string.                           paths./election/{electionId}.get
  487:9   warning  operation-description      Operation "description" must be present and non-empty string.                           paths./election/{electionId}/keys.get
  524:9   warning  operation-description      Operation "description" must be present and non-empty string.                           paths./election/{electionId}/votes/count.get
  542:10  warning  operation-description      Operation "description" must be present and non-empty string.                           paths./election.post
  572:9   warning  operation-description      Operation "description" must be present and non-empty string.                           paths./account/{address}.get
  700:22    error  oas3-valid-schema-example  "example" property type must be number                                                  paths./wallet/transfer/{destAddr}/{amount}.post.parameters[1].schema.example
  1013:9  warning  operation-description      Operation "description" must be present and non-empty string.                           paths./census/{censusId}/verify.get
 1094:10  warning  operation-description      Operation "description" must be present and non-empty string.                           paths./vote.post
 1111:10  warning  operation-description      Operation "description" must be present and non-empty string.                           paths./vote/verify/{electionId}/{voteId}.post
 1181:16    error  oas3-valid-schema-example  "example" property type must be object                                                  components.schemas.AccountSubmit.example
 1216:16    error  oas3-valid-schema-example  "example" property must be equal to one of the allowed values: "weighted", "zkindexed"  components.schemas.ElectionStatus.example
 1225:16    error  oas3-valid-schema-example  "example" property type must be object                                                  components.schemas.TransactionSubmit.example
 1298:23  warning  oas3-unused-component      Potentially unused component has been detected.                                         components.responses.UnauthorizedError

✖ 26 problems (5 errors, 21 warnings, 0 infos, 0 hints)
