Found 25 rules (25 enabled)
Linting /home/chilcano/repos/how-tos/src/api_specs/openapi01.yaml

/home/chilcano/repos/how-tos/src/api_specs/openapi01.yaml
  49:17   warning  owasp:api3:2019-define-error-responses-401:401 response should be defined.. Missing responses[401]         paths./chain/transaction/cost.get.responses
  49:17   warning  owasp:api3:2019-define-error-responses-500:500 response should be defined.. Missing responses[500]         paths./chain/transaction/cost.get.responses
  49:17   warning  owasp:api3:2019-define-error-validation     Missing error validation response of either 400 or 422.         paths./chain/transaction/cost.get.responses
  49:17   warning  owasp:api4:2019-rate-limit-responses-429:429 response should be defined.. Missing responses[429]         paths./chain/transaction/cost.get.responses
   50:9     error  parser                                      Mapping key must be a string scalar rather than number          paths./chain/transaction/cost.get.responses[200]
  50:13     error  owasp:api4:2019-rate-limit                  All 2XX and 4XX responses should define rate limiting headers.  paths./chain/transaction/cost.get.responses[200]
  86:17   warning  owasp:api3:2019-define-error-responses-401:401 response should be defined.. Missing responses[401]         paths./chain/transaction/submit.post.responses
  86:17   warning  owasp:api3:2019-define-error-responses-500:500 response should be defined.. Missing responses[500]         paths./chain/transaction/submit.post.responses
  86:17   warning  owasp:api3:2019-define-error-validation     Missing error validation response of either 400 or 422.         paths./chain/transaction/submit.post.responses
  86:17   warning  owasp:api4:2019-rate-limit-responses-429:429 response should be defined.. Missing responses[429]         paths./chain/transaction/submit.post.responses
  87:15     error  owasp:api4:2019-rate-limit                  All 2XX and 4XX responses should define rate limiting headers.  paths./chain/transaction/submit.post.responses[200]
  102:17  warning  owasp:api3:2019-define-error-responses-401:401 response should be defined.. Missing responses[401]         paths./chain/transaction/reference/{hash}.get.responses
  102:17  warning  owasp:api3:2019-define-error-responses-500:500 response should be defined.. Missing responses[500]         paths./chain/transaction/reference/{hash}.get.responses
  102:17  warning  owasp:api3:2019-define-error-validation     Missing error validation response of either 400 or 422.         paths./chain/transaction/reference/{hash}.get.responses
  102:17  warning  owasp:api4:2019-rate-limit-responses-429:429 response should be defined.. Missing responses[429]         paths./chain/transaction/reference/{hash}.get.responses
  103:15    error  owasp:api4:2019-rate-limit                  All 2XX and 4XX responses should define rate limiting headers.  paths./chain/transaction/reference/{hash}.get.responses[200]
  132:17  warning  owasp:api3:2019-define-error-responses-401:401 response should be defined.. Missing responses[401]         paths./chain/transaction/{blockHeight}/{txIndex}.get.responses
  132:17  warning  owasp:api3:2019-define-error-responses-500:500 response should be defined.. Missing responses[500]         paths./chain/transaction/{blockHeight}/{txIndex}.get.responses
  132:17  warning  owasp:api3:2019-define-error-validation     Missing error validation response of either 400 or 422.         paths./chain/transaction/{blockHeight}/{txIndex}.get.responses
  132:17  warning  owasp:api4:2019-rate-limit-responses-429:429 response should be defined.. Missing responses[429]         paths./chain/transaction/{blockHeight}/{txIndex}.get.responses
  133:15    error  owasp:api4:2019-rate-limit                  All 2XX and 4XX responses should define rate limiting headers.  paths./chain/transaction/{blockHeight}/{txIndex}.get.responses[200]
  172:17  warning  owasp:api3:2019-define-error-responses-401:401 response should be defined.. Missing responses[401]         paths./chain/organization/count.get.responses
  172:17  warning  owasp:api3:2019-define-error-responses-500:500 response should be defined.. Missing responses[500]         paths./chain/organization/count.get.responses
  172:17  warning  owasp:api3:2019-define-error-validation     Missing error validation response of either 400 or 422.         paths./chain/organization/count.get.responses
  172:17  warning  owasp:api4:2019-rate-limit-responses-429:429 response should be defined.. Missing responses[429]         paths./chain/organization/count.get.responses
  173:15    error  owasp:api4:2019-rate-limit                  All 2XX and 4XX responses should define rate limiting headers.  paths./chain/organization/count.get.responses[200]
  191:17  warning  owasp:api3:2019-define-error-responses-401:401 response should be defined.. Missing responses[401]         paths./chain/organization/{page}.get.responses
  191:17  warning  owasp:api3:2019-define-error-responses-500:500 response should be defined.. Missing responses[500]         paths./chain/organization/{page}.get.responses
  191:17  warning  owasp:api3:2019-define-error-validation     Missing error validation response of either 400 or 422.         paths./chain/organization/{page}.get.responses
  191:17  warning  owasp:api4:2019-rate-limit-responses-429:429 response should be defined.. Missing responses[429]         paths./chain/organization/{page}.get.responses
  192:15    error  owasp:api4:2019-rate-limit                  All 2XX and 4XX responses should define rate limiting headers.  paths./chain/organization/{page}.get.responses[200]
  219:17  warning  owasp:api3:2019-define-error-responses-401:401 response should be defined.. Missing responses[401]         paths./chain/block/height/{height}.get.responses
  219:17  warning  owasp:api3:2019-define-error-responses-500:500 response should be defined.. Missing responses[500]         paths./chain/block/height/{height}.get.responses
  219:17  warning  owasp:api3:2019-define-error-validation     Missing error validation response of either 400 or 422.         paths./chain/block/height/{height}.get.responses
  219:17  warning  owasp:api4:2019-rate-limit-responses-429:429 response should be defined.. Missing responses[429]         paths./chain/block/height/{height}.get.responses
  220:15    error  owasp:api4:2019-rate-limit                  All 2XX and 4XX responses should define rate limiting headers.  paths./chain/block/height/{height}.get.responses[200]
  242:17  warning  owasp:api3:2019-define-error-responses-401:401 response should be defined.. Missing responses[401]         paths./chain/block/hash/{hash}.get.responses
  242:17  warning  owasp:api3:2019-define-error-responses-500:500 response should be defined.. Missing responses[500]         paths./chain/block/hash/{hash}.get.responses
  242:17  warning  owasp:api3:2019-define-error-validation     Missing error validation response of either 400 or 422.         paths./chain/block/hash/{hash}.get.responses
  242:17  warning  owasp:api4:2019-rate-limit-responses-429:429 response should be defined.. Missing responses[429]         paths./chain/block/hash/{hash}.get.responses
  243:15    error  owasp:api4:2019-rate-limit                  All 2XX and 4XX responses should define rate limiting headers.  paths./chain/block/hash/{hash}.get.responses[200]
  259:17  warning  owasp:api3:2019-define-error-responses-401:401 response should be defined.. Missing responses[401]         paths./chain/block.get.responses
  259:17  warning  owasp:api3:2019-define-error-responses-500:500 response should be defined.. Missing responses[500]         paths./chain/block.get.responses
  259:17  warning  owasp:api3:2019-define-error-validation     Missing error validation response of either 400 or 422.         paths./chain/block.get.responses
  259:17  warning  owasp:api4:2019-rate-limit-responses-429:429 response should be defined.. Missing responses[429]         paths./chain/block.get.responses
  260:15    error  owasp:api4:2019-rate-limit                  All 2XX and 4XX responses should define rate limiting headers.  paths./chain/block.get.responses[200]
  284:17  warning  owasp:api3:2019-define-error-responses-401:401 response should be defined.. Missing responses[401]         paths./chain/blockdate/{timestamp}.get.responses
  284:17  warning  owasp:api3:2019-define-error-responses-500:500 response should be defined.. Missing responses[500]         paths./chain/blockdate/{timestamp}.get.responses
  284:17  warning  owasp:api3:2019-define-error-validation     Missing error validation response of either 400 or 422.         paths./chain/blockdate/{timestamp}.get.responses
  284:17  warning  owasp:api4:2019-rate-limit-responses-429:429 response should be defined.. Missing responses[429]         paths./chain/blockdate/{timestamp}.get.responses
  285:15    error  owasp:api4:2019-rate-limit                  All 2XX and 4XX responses should define rate limiting headers.  paths./chain/blockdate/{timestamp}.get.responses[200]
  305:17  warning  owasp:api3:2019-define-error-responses-401:401 response should be defined.. Missing responses[401]         paths./chain/stats.get.responses
  305:17  warning  owasp:api3:2019-define-error-responses-500:500 response should be defined.. Missing responses[500]         paths./chain/stats.get.responses
  305:17  warning  owasp:api3:2019-define-error-validation     Missing error validation response of either 400 or 422.         paths./chain/stats.get.responses
  305:17  warning  owasp:api4:2019-rate-limit-responses-429:429 response should be defined.. Missing responses[429]         paths./chain/stats.get.responses
  306:15    error  owasp:api4:2019-rate-limit                  All 2XX and 4XX responses should define rate limiting headers.  paths./chain/stats.get.responses[200]
  321:17  warning  owasp:api3:2019-define-error-responses-401:401 response should be defined.. Missing responses[401]         paths./chain/info.get.responses
  321:17  warning  owasp:api3:2019-define-error-responses-500:500 response should be defined.. Missing responses[500]         paths./chain/info.get.responses
  321:17  warning  owasp:api3:2019-define-error-validation     Missing error validation response of either 400 or 422.         paths./chain/info.get.responses
  321:17  warning  owasp:api4:2019-rate-limit-responses-429:429 response should be defined.. Missing responses[429]         paths./chain/info.get.responses
  322:15    error  owasp:api4:2019-rate-limit                  All 2XX and 4XX responses should define rate limiting headers.  paths./chain/info.get.responses[200]
  364:17  warning  owasp:api3:2019-define-error-responses-401:401 response should be defined.. Missing responses[401]         paths./election/list/{organizationID}/status/{status}/{page}.get.responses
  364:17  warning  owasp:api3:2019-define-error-responses-500:500 response should be defined.. Missing responses[500]         paths./election/list/{organizationID}/status/{status}/{page}.get.responses
  364:17  warning  owasp:api3:2019-define-error-validation     Missing error validation response of either 400 or 422.         paths./election/list/{organizationID}/status/{status}/{page}.get.responses
  364:17  warning  owasp:api4:2019-rate-limit-responses-429:429 response should be defined.. Missing responses[429]         paths./election/list/{organizationID}/status/{status}/{page}.get.responses
  365:15    error  owasp:api4:2019-rate-limit                  All 2XX and 4XX responses should define rate limiting headers.  paths./election/list/{organizationID}/status/{status}/{page}.get.responses[200]
  389:17  warning  owasp:api3:2019-define-error-responses-401:401 response should be defined.. Missing responses[401]         paths./election/list/{organizationID}/{page}.get.responses
  389:17  warning  owasp:api3:2019-define-error-responses-500:500 response should be defined.. Missing responses[500]         paths./election/list/{organizationID}/{page}.get.responses
  389:17  warning  owasp:api3:2019-define-error-validation     Missing error validation response of either 400 or 422.         paths./election/list/{organizationID}/{page}.get.responses
  389:17  warning  owasp:api4:2019-rate-limit-responses-429:429 response should be defined.. Missing responses[429]         paths./election/list/{organizationID}/{page}.get.responses
  390:15    error  owasp:api4:2019-rate-limit                  All 2XX and 4XX responses should define rate limiting headers.  paths./election/list/{organizationID}/{page}.get.responses[200]
  412:17  warning  owasp:api3:2019-define-error-responses-401:401 response should be defined.. Missing responses[401]         paths./election/count/{organizationID}.get.responses
  412:17  warning  owasp:api3:2019-define-error-responses-500:500 response should be defined.. Missing responses[500]         paths./election/count/{organizationID}.get.responses
  412:17  warning  owasp:api3:2019-define-error-validation     Missing error validation response of either 400 or 422.         paths./election/count/{organizationID}.get.responses
  412:17  warning  owasp:api4:2019-rate-limit-responses-429:429 response should be defined.. Missing responses[429]         paths./election/count/{organizationID}.get.responses
  413:15    error  owasp:api4:2019-rate-limit                  All 2XX and 4XX responses should define rate limiting headers.  paths./election/count/{organizationID}.get.responses[200]
  431:17  warning  owasp:api3:2019-define-error-responses-401:401 response should be defined.. Missing responses[401]         paths./election/{electionId}.get.responses
  431:17  warning  owasp:api3:2019-define-error-responses-500:500 response should be defined.. Missing responses[500]         paths./election/{electionId}.get.responses
  431:17  warning  owasp:api3:2019-define-error-validation     Missing error validation response of either 400 or 422.         paths./election/{electionId}.get.responses
  431:17  warning  owasp:api4:2019-rate-limit-responses-429:429 response should be defined.. Missing responses[429]         paths./election/{electionId}.get.responses
  432:15    error  owasp:api4:2019-rate-limit                  All 2XX and 4XX responses should define rate limiting headers.  paths./election/{electionId}.get.responses[200]
  494:17  warning  owasp:api3:2019-define-error-responses-401:401 response should be defined.. Missing responses[401]         paths./election/{electionId}/keys.get.responses
  494:17  warning  owasp:api3:2019-define-error-responses-500:500 response should be defined.. Missing responses[500]         paths./election/{electionId}/keys.get.responses
  494:17  warning  owasp:api3:2019-define-error-validation     Missing error validation response of either 400 or 422.         paths./election/{electionId}/keys.get.responses
  494:17  warning  owasp:api4:2019-rate-limit-responses-429:429 response should be defined.. Missing responses[429]         paths./election/{electionId}/keys.get.responses
  495:15    error  owasp:api4:2019-rate-limit                  All 2XX and 4XX responses should define rate limiting headers.  paths./election/{electionId}/keys.get.responses[200]
  513:17  warning  owasp:api3:2019-define-error-responses-401:401 response should be defined.. Missing responses[401]         paths./election/{electionId}/votes.get.responses
  513:17  warning  owasp:api3:2019-define-error-responses-500:500 response should be defined.. Missing responses[500]         paths./election/{electionId}/votes.get.responses
  513:17  warning  owasp:api3:2019-define-error-validation     Missing error validation response of either 400 or 422.         paths./election/{electionId}/votes.get.responses
  513:17  warning  owasp:api4:2019-rate-limit-responses-429:429 response should be defined.. Missing responses[429]         paths./election/{electionId}/votes.get.responses
  514:15    error  owasp:api4:2019-rate-limit                  All 2XX and 4XX responses should define rate limiting headers.  paths./election/{electionId}/votes.get.responses[200]
  531:17  warning  owasp:api3:2019-define-error-responses-401:401 response should be defined.. Missing responses[401]         paths./election/{electionId}/votes/count.get.responses
  531:17  warning  owasp:api3:2019-define-error-responses-500:500 response should be defined.. Missing responses[500]         paths./election/{electionId}/votes/count.get.responses
  531:17  warning  owasp:api3:2019-define-error-validation     Missing error validation response of either 400 or 422.         paths./election/{electionId}/votes/count.get.responses
  531:17  warning  owasp:api4:2019-rate-limit-responses-429:429 response should be defined.. Missing responses[429]         paths./election/{electionId}/votes/count.get.responses
  532:15    error  owasp:api4:2019-rate-limit                  All 2XX and 4XX responses should define rate limiting headers.  paths./election/{electionId}/votes/count.get.responses[200]
  554:17  warning  owasp:api3:2019-define-error-responses-401:401 response should be defined.. Missing responses[401]         paths./election.post.responses
  554:17  warning  owasp:api3:2019-define-error-responses-500:500 response should be defined.. Missing responses[500]         paths./election.post.responses
  554:17  warning  owasp:api3:2019-define-error-validation     Missing error validation response of either 400 or 422.         paths./election.post.responses
  554:17  warning  owasp:api4:2019-rate-limit-responses-429:429 response should be defined.. Missing responses[429]         paths./election.post.responses
  555:15    error  owasp:api4:2019-rate-limit                  All 2XX and 4XX responses should define rate limiting headers.  paths./election.post.responses[200]
  584:17  warning  owasp:api3:2019-define-error-responses-401:401 response should be defined.. Missing responses[401]         paths./account/{address}.get.responses
  584:17  warning  owasp:api3:2019-define-error-responses-500:500 response should be defined.. Missing responses[500]         paths./account/{address}.get.responses
  584:17  warning  owasp:api3:2019-define-error-validation     Missing error validation response of either 400 or 422.         paths./account/{address}.get.responses
  584:17  warning  owasp:api4:2019-rate-limit-responses-429:429 response should be defined.. Missing responses[429]         paths./account/{address}.get.responses
  585:15    error  owasp:api4:2019-rate-limit                  All 2XX and 4XX responses should define rate limiting headers.  paths./account/{address}.get.responses[200]
  613:17  warning  owasp:api3:2019-define-error-responses-401:401 response should be defined.. Missing responses[401]         paths./account.post.responses
  613:17  warning  owasp:api3:2019-define-error-responses-500:500 response should be defined.. Missing responses[500]         paths./account.post.responses
  613:17  warning  owasp:api3:2019-define-error-validation     Missing error validation response of either 400 or 422.         paths./account.post.responses
  613:17  warning  owasp:api4:2019-rate-limit-responses-429:429 response should be defined.. Missing responses[429]         paths./account.post.responses
  614:15    error  owasp:api4:2019-rate-limit                  All 2XX and 4XX responses should define rate limiting headers.  paths./account.post.responses[200]
  650:17  warning  owasp:api3:2019-define-error-responses-401:401 response should be defined.. Missing responses[401]         paths./wallet/add/{privateKey}.post.responses
  650:17  warning  owasp:api3:2019-define-error-responses-500:500 response should be defined.. Missing responses[500]         paths./wallet/add/{privateKey}.post.responses
  650:17  warning  owasp:api3:2019-define-error-validation     Missing error validation response of either 400 or 422.         paths./wallet/add/{privateKey}.post.responses
  650:17  warning  owasp:api4:2019-rate-limit-responses-429:429 response should be defined.. Missing responses[429]         paths./wallet/add/{privateKey}.post.responses
  651:15    error  owasp:api4:2019-rate-limit                  All 2XX and 4XX responses should define rate limiting headers.  paths./wallet/add/{privateKey}.post.responses[200]
  669:17  warning  owasp:api3:2019-define-error-responses-401:401 response should be defined.. Missing responses[401]         paths./wallet/bootstrap.post.responses
  669:17  warning  owasp:api3:2019-define-error-responses-500:500 response should be defined.. Missing responses[500]         paths./wallet/bootstrap.post.responses
  669:17  warning  owasp:api3:2019-define-error-validation     Missing error validation response of either 400 or 422.         paths./wallet/bootstrap.post.responses
  669:17  warning  owasp:api4:2019-rate-limit-responses-429:429 response should be defined.. Missing responses[429]         paths./wallet/bootstrap.post.responses
  670:15    error  owasp:api4:2019-rate-limit                  All 2XX and 4XX responses should define rate limiting headers.  paths./wallet/bootstrap.post.responses[200]
  701:17  warning  owasp:api3:2019-define-error-responses-401:401 response should be defined.. Missing responses[401]         paths./wallet/transfer/{destAddr}/{amount}.post.responses
  701:17  warning  owasp:api3:2019-define-error-responses-500:500 response should be defined.. Missing responses[500]         paths./wallet/transfer/{destAddr}/{amount}.post.responses
  701:17  warning  owasp:api3:2019-define-error-validation     Missing error validation response of either 400 or 422.         paths./wallet/transfer/{destAddr}/{amount}.post.responses
  701:17  warning  owasp:api4:2019-rate-limit-responses-429:429 response should be defined.. Missing responses[429]         paths./wallet/transfer/{destAddr}/{amount}.post.responses
  702:15    error  owasp:api4:2019-rate-limit                  All 2XX and 4XX responses should define rate limiting headers.  paths./wallet/transfer/{destAddr}/{amount}.post.responses[200]
  721:17  warning  owasp:api3:2019-define-error-responses-401:401 response should be defined.. Missing responses[401]         paths./wallet/election.post.responses
  721:17  warning  owasp:api3:2019-define-error-responses-500:500 response should be defined.. Missing responses[500]         paths./wallet/election.post.responses
  721:17  warning  owasp:api3:2019-define-error-validation     Missing error validation response of either 400 or 422.         paths./wallet/election.post.responses
  721:17  warning  owasp:api4:2019-rate-limit-responses-429:429 response should be defined.. Missing responses[429]         paths./wallet/election.post.responses
  722:15    error  owasp:api4:2019-rate-limit                  All 2XX and 4XX responses should define rate limiting headers.  paths./wallet/election.post.responses[200]
  800:17  warning  owasp:api3:2019-define-error-responses-401:401 response should be defined.. Missing responses[401]         paths./census/{type}.post.responses
  800:17  warning  owasp:api3:2019-define-error-responses-500:500 response should be defined.. Missing responses[500]         paths./census/{type}.post.responses
  800:17  warning  owasp:api3:2019-define-error-validation     Missing error validation response of either 400 or 422.         paths./census/{type}.post.responses
  800:17  warning  owasp:api4:2019-rate-limit-responses-429:429 response should be defined.. Missing responses[429]         paths./census/{type}.post.responses
  801:15    error  owasp:api4:2019-rate-limit                  All 2XX and 4XX responses should define rate limiting headers.  paths./census/{type}.post.responses[200]
  830:18    error  owasp:api4:2019-integer-format              Schema of type integer must specify format (int32 or int64).    paths./census/{censusId}/add/{publicKey}/{weight}.post.parameters[2].schema
  830:18    error  owasp:api4:2019-integer-limit-legacy        Schema of type integer must specify minimum and maximum.        paths./census/{censusId}/add/{publicKey}/{weight}.post.parameters[2].schema
  834:17  warning  owasp:api3:2019-define-error-responses-401:401 response should be defined.. Missing responses[401]         paths./census/{censusId}/add/{publicKey}/{weight}.post.responses
  834:17  warning  owasp:api3:2019-define-error-responses-500:500 response should be defined.. Missing responses[500]         paths./census/{censusId}/add/{publicKey}/{weight}.post.responses
  834:17  warning  owasp:api3:2019-define-error-validation     Missing error validation response of either 400 or 422.         paths./census/{censusId}/add/{publicKey}/{weight}.post.responses
  834:17  warning  owasp:api4:2019-rate-limit-responses-429:429 response should be defined.. Missing responses[429]         paths./census/{censusId}/add/{publicKey}/{weight}.post.responses
  835:15    error  owasp:api4:2019-rate-limit                  All 2XX and 4XX responses should define rate limiting headers.  paths./census/{censusId}/add/{publicKey}/{weight}.post.responses[200]
  856:17  warning  owasp:api3:2019-define-error-responses-401:401 response should be defined.. Missing responses[401]         paths./census/{censusId}/root.get.responses
  856:17  warning  owasp:api3:2019-define-error-responses-500:500 response should be defined.. Missing responses[500]         paths./census/{censusId}/root.get.responses
  856:17  warning  owasp:api3:2019-define-error-validation     Missing error validation response of either 400 or 422.         paths./census/{censusId}/root.get.responses
  856:17  warning  owasp:api4:2019-rate-limit-responses-429:429 response should be defined.. Missing responses[429]         paths./census/{censusId}/root.get.responses
  857:15    error  owasp:api4:2019-rate-limit                  All 2XX and 4XX responses should define rate limiting headers.  paths./census/{censusId}/root.get.responses[200]
  878:17  warning  owasp:api3:2019-define-error-responses-401:401 response should be defined.. Missing responses[401]         paths./census/{censusId}/dump.get.responses
  878:17  warning  owasp:api3:2019-define-error-responses-500:500 response should be defined.. Missing responses[500]         paths./census/{censusId}/dump.get.responses
  878:17  warning  owasp:api3:2019-define-error-validation     Missing error validation response of either 400 or 422.         paths./census/{censusId}/dump.get.responses
  878:17  warning  owasp:api4:2019-rate-limit-responses-429:429 response should be defined.. Missing responses[429]         paths./census/{censusId}/dump.get.responses
  879:15    error  owasp:api4:2019-rate-limit                  All 2XX and 4XX responses should define rate limiting headers.  paths./census/{censusId}/dump.get.responses[200]
  904:17  warning  owasp:api3:2019-define-error-responses-401:401 response should be defined.. Missing responses[401]         paths./census/{censusId}/import.get.responses
  904:17  warning  owasp:api3:2019-define-error-responses-500:500 response should be defined.. Missing responses[500]         paths./census/{censusId}/import.get.responses
  904:17  warning  owasp:api3:2019-define-error-validation     Missing error validation response of either 400 or 422.         paths./census/{censusId}/import.get.responses
  904:17  warning  owasp:api4:2019-rate-limit-responses-429:429 response should be defined.. Missing responses[429]         paths./census/{censusId}/import.get.responses
  905:15    error  owasp:api4:2019-rate-limit                  All 2XX and 4XX responses should define rate limiting headers.  paths./census/{censusId}/import.get.responses[200]
  926:17  warning  owasp:api3:2019-define-error-responses-401:401 response should be defined.. Missing responses[401]         paths./census/{censusId}/weight.get.responses
  926:17  warning  owasp:api3:2019-define-error-responses-500:500 response should be defined.. Missing responses[500]         paths./census/{censusId}/weight.get.responses
  926:17  warning  owasp:api3:2019-define-error-validation     Missing error validation response of either 400 or 422.         paths./census/{censusId}/weight.get.responses
  926:17  warning  owasp:api4:2019-rate-limit-responses-429:429 response should be defined.. Missing responses[429]         paths./census/{censusId}/weight.get.responses
  927:15    error  owasp:api4:2019-rate-limit                  All 2XX and 4XX responses should define rate limiting headers.  paths./census/{censusId}/weight.get.responses[200]
  947:17  warning  owasp:api3:2019-define-error-responses-401:401 response should be defined.. Missing responses[401]         paths./census/{censusId}/size.get.responses
  947:17  warning  owasp:api3:2019-define-error-responses-500:500 response should be defined.. Missing responses[500]         paths./census/{censusId}/size.get.responses
  947:17  warning  owasp:api3:2019-define-error-validation     Missing error validation response of either 400 or 422.         paths./census/{censusId}/size.get.responses
  947:17  warning  owasp:api4:2019-rate-limit-responses-429:429 response should be defined.. Missing responses[429]         paths./census/{censusId}/size.get.responses
  948:15    error  owasp:api4:2019-rate-limit                  All 2XX and 4XX responses should define rate limiting headers.  paths./census/{censusId}/size.get.responses[200]
  975:17  warning  owasp:api3:2019-define-error-responses-401:401 response should be defined.. Missing responses[401]         paths./census/{censusId}/publish.post.responses
  975:17  warning  owasp:api3:2019-define-error-responses-500:500 response should be defined.. Missing responses[500]         paths./census/{censusId}/publish.post.responses
  975:17  warning  owasp:api3:2019-define-error-validation     Missing error validation response of either 400 or 422.         paths./census/{censusId}/publish.post.responses
  975:17  warning  owasp:api4:2019-rate-limit-responses-429:429 response should be defined.. Missing responses[429]         paths./census/{censusId}/publish.post.responses
  976:15    error  owasp:api4:2019-rate-limit                  All 2XX and 4XX responses should define rate limiting headers.  paths./census/{censusId}/publish.post.responses[200]
 1000:17  warning  owasp:api3:2019-define-error-responses-401:401 response should be defined.. Missing responses[401]         paths./census/{censusId}/proof/{publicKey}.get.responses
 1000:17  warning  owasp:api3:2019-define-error-responses-500:500 response should be defined.. Missing responses[500]         paths./census/{censusId}/proof/{publicKey}.get.responses
 1000:17  warning  owasp:api3:2019-define-error-validation     Missing error validation response of either 400 or 422.         paths./census/{censusId}/proof/{publicKey}.get.responses
 1000:17  warning  owasp:api4:2019-rate-limit-responses-429:429 response should be defined.. Missing responses[429]         paths./census/{censusId}/proof/{publicKey}.get.responses
 1001:15    error  owasp:api4:2019-rate-limit                  All 2XX and 4XX responses should define rate limiting headers.  paths./census/{censusId}/proof/{publicKey}.get.responses[200]
 1028:17  warning  owasp:api3:2019-define-error-responses-401:401 response should be defined.. Missing responses[401]         paths./census/{censusId}/verify.get.responses
 1028:17  warning  owasp:api3:2019-define-error-responses-500:500 response should be defined.. Missing responses[500]         paths./census/{censusId}/verify.get.responses
 1028:17  warning  owasp:api3:2019-define-error-validation     Missing error validation response of either 400 or 422.         paths./census/{censusId}/verify.get.responses
 1028:17  warning  owasp:api4:2019-rate-limit-responses-429:429 response should be defined.. Missing responses[429]         paths./census/{censusId}/verify.get.responses
 1029:15    error  owasp:api4:2019-rate-limit                  All 2XX and 4XX responses should define rate limiting headers.  paths./census/{censusId}/verify.get.responses[200]
 1052:17  warning  owasp:api3:2019-define-error-responses-401:401 response should be defined.. Missing responses[401]         paths./census/{censusId}/delete.delete.responses
 1052:17  warning  owasp:api3:2019-define-error-responses-500:500 response should be defined.. Missing responses[500]         paths./census/{censusId}/delete.delete.responses
 1052:17  warning  owasp:api3:2019-define-error-validation     Missing error validation response of either 400 or 422.         paths./census/{censusId}/delete.delete.responses
 1052:17  warning  owasp:api4:2019-rate-limit-responses-429:429 response should be defined.. Missing responses[429]         paths./census/{censusId}/delete.delete.responses
 1054:15    error  owasp:api4:2019-rate-limit                  All 2XX and 4XX responses should define rate limiting headers.  paths./census/{censusId}/delete.delete.responses[200]
 1080:17  warning  owasp:api3:2019-define-error-responses-401:401 response should be defined.. Missing responses[401]         paths./vote/{voteId}.get.responses
 1080:17  warning  owasp:api4:2019-rate-limit-responses-429:429 response should be defined.. Missing responses[429]         paths./vote/{voteId}.get.responses
 1081:15    error  owasp:api4:2019-rate-limit                  All 2XX and 4XX responses should define rate limiting headers.  paths./vote/{voteId}.get.responses[200]
 1087:15    error  owasp:api4:2019-rate-limit                  All 2XX and 4XX responses should define rate limiting headers.  paths./vote/{voteId}.get.responses[400]
 1089:15    error  owasp:api4:2019-rate-limit                  All 2XX and 4XX responses should define rate limiting headers.  paths./vote/{voteId}.get.responses[404]
 1100:17  warning  owasp:api3:2019-define-error-responses-401:401 response should be defined.. Missing responses[401]         paths./vote.post.responses
 1100:17  warning  owasp:api3:2019-define-error-responses-500:500 response should be defined.. Missing responses[500]         paths./vote.post.responses
 1100:17  warning  owasp:api3:2019-define-error-validation     Missing error validation response of either 400 or 422.         paths./vote.post.responses
 1100:17  warning  owasp:api4:2019-rate-limit-responses-429:429 response should be defined.. Missing responses[429]         paths./vote.post.responses
 1101:15    error  owasp:api4:2019-rate-limit                  All 2XX and 4XX responses should define rate limiting headers.  paths./vote.post.responses[200]
 1119:17  warning  owasp:api3:2019-define-error-responses-401:401 response should be defined.. Missing responses[401]         paths./vote/verify/{electionId}/{voteId}.post.responses
 1119:17  warning  owasp:api3:2019-define-error-responses-500:500 response should be defined.. Missing responses[500]         paths./vote/verify/{electionId}/{voteId}.post.responses
 1119:17  warning  owasp:api3:2019-define-error-validation     Missing error validation response of either 400 or 422.         paths./vote/verify/{electionId}/{voteId}.post.responses
 1119:17  warning  owasp:api4:2019-rate-limit-responses-429:429 response should be defined.. Missing responses[429]         paths./vote/verify/{electionId}/{voteId}.post.responses
 1120:15    error  owasp:api4:2019-rate-limit                  All 2XX and 4XX responses should define rate limiting headers.  paths./vote/verify/{electionId}/{voteId}.post.responses[200]
 1144:14    error  owasp:api4:2019-integer-format              Schema of type integer must specify format (int32 or int64).    components.parameters.paginatorParameter.schema
 1144:14    error  owasp:api4:2019-integer-limit-legacy        Schema of type integer must specify minimum and maximum.        components.parameters.paginatorParameter.schema
 1160:14    error  owasp:api4:2019-string-limit                Schema of type string must specify maxLength.                   components.parameters.voteIdParameter.schema
 1160:14    error  owasp:api4:2019-string-restricted           Schema of type string must specify a format or pattern.         components.parameters.voteIdParameter.schema
 1177:19    error  owasp:api4:2019-string-limit                Schema of type string must specify maxLength.                   components.schemas.AccountSubmit.properties.txPayload
 1177:19    error  owasp:api4:2019-string-restricted           Schema of type string must specify a format or pattern.         components.schemas.AccountSubmit.properties.txPayload
 1179:18    error  owasp:api4:2019-string-limit                Schema of type string must specify maxLength.                   components.schemas.AccountSubmit.properties.metadata
 1179:18    error  owasp:api4:2019-string-restricted           Schema of type string must specify a format or pattern.         components.schemas.AccountSubmit.properties.metadata
 1186:17    error  owasp:api4:2019-integer-limit-legacy        Schema of type integer must specify minimum and maximum.        components.schemas.BlockHeight
 1190:15    error  owasp:api4:2019-string-limit                Schema of type string must specify maxLength.                   components.schemas.BlockHash
 1190:15    error  owasp:api4:2019-string-restricted           Schema of type string must specify a format or pattern.         components.schemas.BlockHash
 1199:19    error  owasp:api4:2019-string-limit                Schema of type string must specify maxLength.                   components.schemas.CreateElection.properties.txPayload
 1199:19    error  owasp:api4:2019-string-restricted           Schema of type string must specify a format or pattern.         components.schemas.CreateElection.properties.txPayload
 1202:18    error  owasp:api4:2019-string-limit                Schema of type string must specify maxLength.                   components.schemas.CreateElection.properties.metadata
 1202:18    error  owasp:api4:2019-string-restricted           Schema of type string must specify a format or pattern.         components.schemas.CreateElection.properties.metadata
 1205:16    error  owasp:api4:2019-string-limit                Schema of type string must specify maxLength.                   components.schemas.CensusType
 1205:16    error  owasp:api4:2019-string-restricted           Schema of type string must specify a format or pattern.         components.schemas.CensusType
 1208:14    error  owasp:api4:2019-string-limit                Schema of type string must specify maxLength.                   components.schemas.CensusId
 1208:14    error  owasp:api4:2019-string-restricted           Schema of type string must specify a format or pattern.         components.schemas.CensusId
 1211:20    error  owasp:api4:2019-string-limit                Schema of type string must specify maxLength.                   components.schemas.ElectionStatus
 1211:20    error  owasp:api4:2019-string-restricted           Schema of type string must specify a format or pattern.         components.schemas.ElectionStatus
 1217:16    error  owasp:api4:2019-string-limit                Schema of type string must specify maxLength.                   components.schemas.ElectionId
 1217:16    error  owasp:api4:2019-string-restricted           Schema of type string must specify a format or pattern.         components.schemas.ElectionId
 1223:17    error  owasp:api4:2019-string-limit                Schema of type string must specify maxLength.                   components.schemas.TransactionSubmit.properties.payload
 1223:17    error  owasp:api4:2019-string-restricted           Schema of type string must specify a format or pattern.         components.schemas.TransactionSubmit.properties.payload
 1227:21    error  owasp:api4:2019-string-limit                Schema of type string must specify maxLength.                   components.schemas.TransactionHash
 1227:21    error  owasp:api4:2019-string-restricted           Schema of type string must specify a format or pattern.         components.schemas.TransactionHash
 1230:13    error  owasp:api4:2019-integer-limit-legacy        Schema of type integer must specify minimum and maximum.        components.schemas.TxIndex
 1234:20    error  owasp:api4:2019-string-limit                Schema of type string must specify maxLength.                   components.schemas.OrganizationId
 1234:20    error  owasp:api4:2019-string-restricted           Schema of type string must specify a format or pattern.         components.schemas.OrganizationId
 1237:22    error  owasp:api4:2019-string-limit                Schema of type string must specify maxLength.                   components.schemas.WalletPrivateKey
 1237:22    error  owasp:api4:2019-string-restricted           Schema of type string must specify a format or pattern.         components.schemas.WalletPrivateKey
 1240:21    error  owasp:api4:2019-string-limit                Schema of type string must specify maxLength.                   components.schemas.WalletPublicKey
 1240:21    error  owasp:api4:2019-string-restricted           Schema of type string must specify a format or pattern.         components.schemas.WalletPublicKey
 1243:19    error  owasp:api4:2019-string-limit                Schema of type string must specify maxLength.                   components.schemas.WalletAddress
 1243:19    error  owasp:api4:2019-string-restricted           Schema of type string must specify a format or pattern.         components.schemas.WalletAddress
 1246:15    error  owasp:api4:2019-string-limit                Schema of type string must specify maxLength.                   components.schemas.TimeStamp
 1260:36    error  owasp:api4:2019-array-limit                 Schema of type array must specify maxItems.                     components.schemas.VoteEnvelope.properties.envelope.properties.encryption_key_indexes
 1262:21    error  owasp:api4:2019-integer-format              Schema of type integer must specify format (int32 or int64).    components.schemas.VoteEnvelope.properties.envelope.properties.encryption_key_indexes.items
 1262:21    error  owasp:api4:2019-integer-limit-legacy        Schema of type integer must specify minimum and maximum.        components.schemas.VoteEnvelope.properties.envelope.properties.encryption_key_indexes.items
 1268:24    error  owasp:api4:2019-integer-limit-legacy        Schema of type integer must specify minimum and maximum.        components.schemas.VoteEnvelope.properties.envelope.properties.meta.properties.height
 1272:27    error  owasp:api4:2019-string-limit                Schema of type string must specify maxLength.                   components.schemas.VoteEnvelope.properties.envelope.properties.meta.properties.nullifier
 1272:27    error  owasp:api4:2019-string-restricted           Schema of type string must specify a format or pattern.         components.schemas.VoteEnvelope.properties.envelope.properties.meta.properties.nullifier
 1275:28    error  owasp:api4:2019-string-limit                Schema of type string must specify maxLength.                   components.schemas.VoteEnvelope.properties.envelope.properties.meta.properties.process_id
 1275:28    error  owasp:api4:2019-string-restricted           Schema of type string must specify a format or pattern.         components.schemas.VoteEnvelope.properties.envelope.properties.meta.properties.process_id
 1278:25    error  owasp:api4:2019-string-limit                Schema of type string must specify maxLength.                   components.schemas.VoteEnvelope.properties.envelope.properties.meta.properties.tx_hash
 1278:25    error  owasp:api4:2019-string-restricted           Schema of type string must specify a format or pattern.         components.schemas.VoteEnvelope.properties.envelope.properties.meta.properties.tx_hash
 1281:26    error  owasp:api4:2019-integer-limit-legacy        Schema of type integer must specify minimum and maximum.        components.schemas.VoteEnvelope.properties.envelope.properties.meta.properties.tx_index
 1285:19    error  owasp:api4:2019-string-limit                Schema of type string must specify maxLength.                   components.schemas.VoteEnvelope.properties.envelope.properties.nonce
 1285:19    error  owasp:api4:2019-string-restricted           Schema of type string must specify a format or pattern.         components.schemas.VoteEnvelope.properties.envelope.properties.nonce
 1288:23    error  owasp:api4:2019-string-limit                Schema of type string must specify maxLength.                   components.schemas.VoteEnvelope.properties.envelope.properties.signature
 1288:23    error  owasp:api4:2019-string-restricted           Schema of type string must specify a format or pattern.         components.schemas.VoteEnvelope.properties.envelope.properties.signature
 1291:26    error  owasp:api4:2019-string-limit                Schema of type string must specify maxLength.                   components.schemas.VoteEnvelope.properties.envelope.properties.vote_package
 1291:26    error  owasp:api4:2019-string-restricted           Schema of type string must specify a format or pattern.         components.schemas.VoteEnvelope.properties.envelope.properties.vote_package
 1294:20    error  owasp:api4:2019-string-limit                Schema of type string must specify maxLength.                   components.schemas.VoteEnvelope.properties.envelope.properties.weight
 1294:20    error  owasp:api4:2019-string-restricted           Schema of type string must specify a format or pattern.         components.schemas.VoteEnvelope.properties.envelope.properties.weight

✖ 259 problems (101 errors, 158 warnings, 0 infos, 0 hints)
